# JRE version: Java(TM) SE Runtime Environment (8.0_172-b11) (build 1.8.0_172-b11)
# Java VM: Java HotSpot(TM) 64-Bit Server VM (25.172-b11 mixed mode windows-amd64 compressed oops)
Heap:
 PSYoungGen      total 348160K, used 277560K [0x00000000eab00000, 0x0000000100000000, 0x0000000100000000)
  eden space 347136K, 79% used [0x00000000eab00000,0x00000000fb9460f0,0x00000000ffe00000)
  from space 1024K, 78% used [0x00000000fff00000,0x00000000fffc8000,0x0000000100000000)
  to   space 1024K, 0% used [0x00000000ffe00000,0x00000000ffe00000,0x00000000fff00000)
 ParOldGen       total 258048K, used 132593K [0x00000000c0000000, 0x00000000cfc00000, 0x00000000eab00000)
  object space 258048K, 51% used [0x00000000c0000000,0x00000000c817c4a0,0x00000000cfc00000)
 Metaspace       used 54011K, capacity 58882K, committed 60032K, reserved 1099776K
  class space    used 8543K, capacity 9208K, committed 10112K, reserved 1048576K
GC Heap History (10 events):
Event: 43527.799 GC heap before
{Heap before GC invocations=114764 (full 4):
 PSYoungGen      total 348160K, used 348000K [0x00000000eab00000, 0x0000000100000000, 0x0000000100000000)
  eden space 347136K, 100% used [0x00000000eab00000,0x00000000ffe00000,0x00000000ffe00000)
  from space 1024K, 84% used [0x00000000ffe00000,0x00000000ffed8000,0x00000000fff00000)
  to   space 1024K, 0% used [0x00000000fff00000,0x00000000fff00000,0x0000000100000000)
 ParOldGen       total 258048K, used 132593K [0x00000000c0000000, 0x00000000cfc00000, 0x00000000eab00000)
  object space 258048K, 51% used [0x00000000c0000000,0x00000000c817c4a0,0x00000000cfc00000)
 Metaspace       used 54011K, capacity 58882K, committed 60032K, reserved 1099776K
  class space    used 8543K, capacity 9208K, committed 10112K, reserved 1048576K
Event: 43527.804 GC heap after
Heap after GC invocations=114764 (full 4):
 PSYoungGen      total 348160K, used 832K [0x00000000eab00000, 0x0000000100000000, 0x0000000100000000)
  eden space 347136K, 0% used [0x00000000eab00000,0x00000000eab00000,0x00000000ffe00000)
  from space 1024K, 81% used [0x00000000fff00000,0x00000000fffd0000,0x0000000100000000)
  to   space 1024K, 0% used [0x00000000ffe00000,0x00000000ffe00000,0x00000000fff00000)
 ParOldGen       total 258048K, used 132593K [0x00000000c0000000, 0x00000000cfc00000, 0x00000000eab00000)
  object space 258048K, 51% used [0x00000000c0000000,0x00000000c817c4a0,0x00000000cfc00000)
 Metaspace       used 54011K, capacity 58882K, committed 60032K, reserved 1099776K
  class space    used 8543K, capacity 9208K, committed 10112K, reserved 1048576K
}
Event: 43529.975 GC heap before
{Heap before GC invocations=114765 (full 4):
 PSYoungGen      total 348160K, used 347968K [0x00000000eab00000, 0x0000000100000000, 0x0000000100000000)
  eden space 347136K, 100% used [0x00000000eab00000,0x00000000ffe00000,0x00000000ffe00000)
  from space 1024K, 81% used [0x00000000fff00000,0x00000000fffd0000,0x0000000100000000)
  to   space 1024K, 0% used [0x00000000ffe00000,0x00000000ffe00000,0x00000000fff00000)
 ParOldGen       total 258048K, used 132593K [0x00000000c0000000, 0x00000000cfc00000, 0x00000000eab00000)
  object space 258048K, 51% used [0x00000000c0000000,0x00000000c817c4a0,0x00000000cfc00000)
 Metaspace       used 54011K, capacity 58882K, committed 60032K, reserved 1099776K
  class space    used 8543K, capacity 9208K, committed 10112K, reserved 1048576K
Event: 43529.979 GC heap after
Heap after GC invocations=114765 (full 4):
 PSYoungGen      total 348160K, used 864K [0x00000000eab00000, 0x0000000100000000, 0x0000000100000000)
  eden space 347136K, 0% used [0x00000000eab00000,0x00000000eab00000,0x00000000ffe00000)
  from space 1024K, 84% used [0x00000000ffe00000,0x00000000ffed8000,0x00000000fff00000)
  to   space 1024K, 0% used [0x00000000fff00000,0x00000000fff00000,0x0000000100000000)
 ParOldGen       total 258048K, used 132593K [0x00000000c0000000, 0x00000000cfc00000, 0x00000000eab00000)
  object space 258048K, 51% used [0x00000000c0000000,0x00000000c817c4a0,0x00000000cfc00000)
 Metaspace       used 54011K, capacity 58882K, committed 60032K, reserved 1099776K
  class space    used 8543K, capacity 9208K, committed 10112K, reserved 1048576K
}
Event: 43532.201 GC heap before
{Heap before GC invocations=114766 (full 4):
 PSYoungGen      total 348160K, used 348000K [0x00000000eab00000, 0x0000000100000000, 0x0000000100000000)
  eden space 347136K, 100% used [0x00000000eab00000,0x00000000ffe00000,0x00000000ffe00000)
  from space 1024K, 84% used [0x00000000ffe00000,0x00000000ffed8000,0x00000000fff00000)
  to   space 1024K, 0% used [0x00000000fff00000,0x00000000fff00000,0x0000000100000000)
 ParOldGen       total 258048K, used 132593K [0x00000000c0000000, 0x00000000cfc00000, 0x00000000eab00000)
  object space 258048K, 51% used [0x00000000c0000000,0x00000000c817c4a0,0x00000000cfc00000)
 Metaspace       used 54011K, capacity 58882K, committed 60032K, reserved 1099776K
  class space    used 8543K, capacity 9208K, committed 10112K, reserved 1048576K
Event: 43532.204 GC heap after
Heap after GC invocations=114766 (full 4):
 PSYoungGen      total 348160K, used 864K [0x00000000eab00000, 0x0000000100000000, 0x0000000100000000)
  eden space 347136K, 0% used [0x00000000eab00000,0x00000000eab00000,0x00000000ffe00000)
  from space 1024K, 84% used [0x00000000fff00000,0x00000000fffd8000,0x0000000100000000)
  to   space 1024K, 0% used [0x00000000ffe00000,0x00000000ffe00000,0x00000000fff00000)
 ParOldGen       total 258048K, used 132593K [0x00000000c0000000, 0x00000000cfc00000, 0x00000000eab00000)
  object space 258048K, 51% used [0x00000000c0000000,0x00000000c817c4a0,0x00000000cfc00000)
 Metaspace       used 54011K, capacity 58882K, committed 60032K, reserved 1099776K
  class space    used 8543K, capacity 9208K, committed 10112K, reserved 1048576K
}
Event: 43534.911 GC heap before
{Heap before GC invocations=114767 (full 4):
 PSYoungGen      total 348160K, used 348000K [0x00000000eab00000, 0x0000000100000000, 0x0000000100000000)
  eden space 347136K, 100% used [0x00000000eab00000,0x00000000ffe00000,0x00000000ffe00000)
  from space 1024K, 84% used [0x00000000fff00000,0x00000000fffd8000,0x0000000100000000)
  to   space 1024K, 0% used [0x00000000ffe00000,0x00000000ffe00000,0x00000000fff00000)
 ParOldGen       total 258048K, used 132593K [0x00000000c0000000, 0x00000000cfc00000, 0x00000000eab00000)
  object space 258048K, 51% used [0x00000000c0000000,0x00000000c817c4a0,0x00000000cfc00000)
 Metaspace       used 54011K, capacity 58882K, committed 60032K, reserved 1099776K
  class space    used 8543K, capacity 9208K, committed 10112K, reserved 1048576K
Event: 43534.915 GC heap after
Heap after GC invocations=114767 (full 4):
 PSYoungGen      total 348160K, used 832K [0x00000000eab00000, 0x0000000100000000, 0x0000000100000000)
  eden space 347136K, 0% used [0x00000000eab00000,0x00000000eab00000,0x00000000ffe00000)
  from space 1024K, 81% used [0x00000000ffe00000,0x00000000ffed0000,0x00000000fff00000)
  to   space 1024K, 0% used [0x00000000fff00000,0x00000000fff00000,0x0000000100000000)
 ParOldGen       total 258048K, used 132593K [0x00000000c0000000, 0x00000000cfc00000, 0x00000000eab00000)
  object space 258048K, 51% used [0x00000000c0000000,0x00000000c817c4a0,0x00000000cfc00000)
 Metaspace       used 54011K, capacity 58882K, committed 60032K, reserved 1099776K
  class space    used 8543K, capacity 9208K, committed 10112K, reserved 1048576K
}
Event: 43537.183 GC heap before
{Heap before GC invocations=114768 (full 4):
 PSYoungGen      total 348160K, used 347968K [0x00000000eab00000, 0x0000000100000000, 0x0000000100000000)
  eden space 347136K, 100% used [0x00000000eab00000,0x00000000ffe00000,0x00000000ffe00000)
  from space 1024K, 81% used [0x00000000ffe00000,0x00000000ffed0000,0x00000000fff00000)
  to   space 1024K, 0% used [0x00000000fff00000,0x00000000fff00000,0x0000000100000000)
 ParOldGen       total 258048K, used 132593K [0x00000000c0000000, 0x00000000cfc00000, 0x00000000eab00000)
  object space 258048K, 51% used [0x00000000c0000000,0x00000000c817c4a0,0x00000000cfc00000)
 Metaspace       used 54011K, capacity 58882K, committed 60032K, reserved 1099776K
  class space    used 8543K, capacity 9208K, committed 10112K, reserved 1048576K
Event: 43537.188 GC heap after
Heap after GC invocations=114768 (full 4):
 PSYoungGen      total 348160K, used 800K [0x00000000eab00000, 0x0000000100000000, 0x0000000100000000)
  eden space 347136K, 0% used [0x00000000eab00000,0x00000000eab00000,0x00000000ffe00000)
  from space 1024K, 78% used [0x00000000fff00000,0x00000000fffc8000,0x0000000100000000)
  to   space 1024K, 0% used [0x00000000ffe00000,0x00000000ffe00000,0x00000000fff00000)
 ParOldGen       total 258048K, used 132593K [0x00000000c0000000, 0x00000000cfc00000, 0x00000000eab00000)
  object space 258048K, 51% used [0x00000000c0000000,0x00000000c817c4a0,0x00000000cfc00000)
 Metaspace       used 54011K, capacity 58882K, committed 60032K, reserved 1099776K
  class space    used 8543K, capacity 9208K, committed 10112K, reserved 1048576K
}

